#
# A fatal error has been detected by the Java Runtime Environment:
#
#  SIGSEGV (0xb) at pc=0x00000001229dad7f, pid=3935, tid=6403
#
# JRE version: Java(TM) SE Runtime Environment (8.0_20-b26) (build 1.8.0_20-b26)
# Java VM: Java HotSpot(TM) 64-Bit Server VM (25.20-b23 mixed mode bsd-amd64 compressed oops)
# Problematic frame:
# C  0x00000001229dad7f
#
# Failed to write core dump. Core dumps have been disabled. To enable core dumping, try "ulimit -c unlimited" before starting Java again
#
# If you would like to submit a bug report, please visit:
#   http://bugreport.sun.com/bugreport/crash.jsp
# The crash happened outside the Java Virtual Machine in native code.
# See problematic frame for where to report the bug.
#

---------------  T H R E A D  ---------------

Current thread (0x00007fd9e080f800):  JavaThread "main" [_thread_in_native, id=6403, stack(0x0000000106d1c000,0x0000000106e1c000)]

siginfo: si_signo: 11 (SIGSEGV), si_code: 1 (SEGV_MAPERR), si_addr: 0x00000001229dad7f

Registers:
RAX=0x0000000000000001, RBX=0x00007fd9e0558820, RCX=0x00007fff73114060, RDX=0x00007fd9e0478048
RSP=0x0000000106e1a9e0, RBP=0x0000000106e1a9f0, RSI=0x0000000400001e80, RDI=0x0000000500001e80
R8 =0x0000000000000040, R9 =0x0000000106e1a900, R10=0x00007fd9e0616740, R11=0x00007fff73114060
R12=0x00007fd9e078e490, R13=0x00007fd9e0478410, R14=0x00007fd9e04786a0, R15=0x0000000000000000
RIP=0x00000001229dad7f, EFLAGS=0x0000000000010202, ERR=0x0000000000000014
  TRAPNO=0x000000000000000e

Top of Stack: (sp=0x0000000106e1a9e0)
0x0000000106e1a9e0:   00007fd9e04783d0 00007fd9e04786a0
0x0000000106e1a9f0:   0000000106e1aa70 00000001229dbf04
0x0000000106e1aa00:   000000010000001a 00007fff00000011
0x0000000106e1aa10:   00000001000000d4 00000000000000ba
0x0000000106e1aa20:   000000000000000c 00007fd900000000
0x0000000106e1aa30:   00007fd900000005 0000000000000002
0x0000000106e1aa40:   00007fd90000008f 00007fd900000018
0x0000000106e1aa50:   00000001000000d5 00007fff8d6a70a4
0x0000000106e1aa60:   00007fd9e04783d0 00000001229dbe66
0x0000000106e1aa70:   0000000106e1aac0 00007fff8d6a6bc0
0x0000000106e1aa80:   00007fd9e0478560 0000000000000000
0x0000000106e1aa90:   00007fd9e04786a0 00007fd9e055a4f0
0x0000000106e1aaa0:   00007fd9e078e490 000000000000bd37
0x0000000106e1aab0:   00007fd9e05587f0 0000000000000000
0x0000000106e1aac0:   0000000106e1ab60 00007fff85fa9c67
0x0000000106e1aad0:   0000000106e1ab60 0000000000000001
0x0000000106e1aae0:   00007fd9e0477770 0000000106e1abf8
0x0000000106e1aaf0:   00007fd9e055a4c0 00007fd9e04786a0
0x0000000106e1ab00:   0000000106e1ac0c 0000bd3706e1ab30
0x0000000106e1ab10:   00007fd9e055a4f0 d4111a6f38fa12fa
0x0000000106e1ab20:   0000000105000cba 00007fd9e078ee80
0x0000000106e1ab30:   00007fd9e04786a0 00007fd9e0477770
0x0000000106e1ab40:   0000000000000000 000000000000bd37
0x0000000106e1ab50:   00007fd9e080f9e8 00007fd9e080f800
0x0000000106e1ab60:   0000000106e1ac30 000000011f37dbbb
0x0000000106e1ab70:   000000000000001a 0000000000000011
0x0000000106e1ab80:   0000ffff000000d4 00000000000000ba
0x0000000106e1ab90:   000000000000000c 0000000000000000
0x0000000106e1aba0:   6544444900000005 65526e5f00000002
0x0000000106e1abb0:   65526e5f0000008f 7665446500000018
0x0000000106e1abc0:   00b2b01b000000d5 00b2b01d00b2b01c
0x0000000106e1abd0:   00b2b01f00b2b01e 00b2b02100b2b020 

Instructions: (pc=0x00000001229dad7f)
0x00000001229dad5f:   
[error occurred during error reporting (printing registers, top of stack, instructions near pc), id 0xb]

Register to memory mapping:

RAX=0x0000000000000001 is an unknown value
RBX=0x00007fd9e0558820 is an unknown value
RCX=0x00007fff73114060: OBJC_CLASS_$___NSCFType+0 in /System/Library/Frameworks/CoreFoundation.framework/Versions/A/CoreFoundation at 0x00007fff8d583000
RDX=0x00007fd9e0478048 is an unknown value
RSP=0x0000000106e1a9e0 is pointing into the stack for thread: 0x00007fd9e080f800
RBP=0x0000000106e1a9f0 is pointing into the stack for thread: 0x00007fd9e080f800
RSI=0x0000000400001e80 is an unknown value
RDI=0x0000000500001e80 is an unknown value
R8 =0x0000000000000040 is an unknown value
R9 =0x0000000106e1a900 is pointing into the stack for thread: 0x00007fd9e080f800
R10=0x00007fd9e0616740 is an unknown value
R11=0x00007fff73114060: OBJC_CLASS_$___NSCFType+0 in /System/Library/Frameworks/CoreFoundation.framework/Versions/A/CoreFoundation at 0x00007fff8d583000
R12=0x00007fd9e078e490 is an unknown value
R13=0x00007fd9e0478410 is an unknown value
R14=0x00007fd9e04786a0 is an unknown value
R15=0x0000000000000000 is an unknown value


Stack: [0x0000000106d1c000,0x0000000106e1c000],  sp=0x0000000106e1a9e0,  free space=1018k
Native frames: (J=compiled Java code, j=interpreted, Vv=VM code, C=native code)
C  0x00000001229dad7f
C  0x00000001229dbf04
C  [CoreFoundation+0x123bc0]  _CFPFactoryCreateInstance+0x110
C  [IOKit+0x6c67]  IOCreatePlugInInterfaceForService+0x264
C  [libjinput-osx.jnilib+0x1bbb]  Java_net_java_games_input_OSXHIDDeviceIterator_nNext+0x15b
j  net.java.games.input.OSXHIDDeviceIterator.nNext(J)Lnet/java/games/input/OSXHIDDevice;+0
j  net.java.games.input.OSXHIDDeviceIterator.next()Lnet/java/games/input/OSXHIDDevice;+4
j  net.java.games.input.OSXEnvironmentPlugin.enumerateControllers()[Lnet/java/games/input/Controller;+17
j  net.java.games.input.OSXEnvironmentPlugin.<init>()V+12
v  ~StubRoutines::call_stub
V  [libjvm.dylib+0x2d429e]  JavaCalls::call_helper(JavaValue*, methodHandle*, JavaCallArguments*, Thread*)+0x6ae
V  [libjvm.dylib+0x4a2b90]  Reflection::invoke(instanceKlassHandle, methodHandle, Handle, bool, objArrayHandle, BasicType, objArrayHandle, bool, Thread*)+0xdf8
V  [libjvm.dylib+0x4a2eb9]  Reflection::invoke_constructor(oopDesc*, objArrayHandle, Thread*)+0x181
V  [libjvm.dylib+0x3227ad]  JVM_NewInstanceFromConstructor+0x7c
j  sun.reflect.NativeConstructorAccessorImpl.newInstance0(Ljava/lang/reflect/Constructor;[Ljava/lang/Object;)Ljava/lang/Object;+0
j  sun.reflect.NativeConstructorAccessorImpl.newInstance([Ljava/lang/Object;)Ljava/lang/Object;+85
j  sun.reflect.DelegatingConstructorAccessorImpl.newInstance([Ljava/lang/Object;)Ljava/lang/Object;+5
j  java.lang.reflect.Constructor.newInstance([Ljava/lang/Object;)Ljava/lang/Object;+79
j  java.lang.Class.newInstance()Ljava/lang/Object;+138
j  net.java.games.input.DefaultControllerEnvironment.getControllers()[Lnet/java/games/input/Controller;+435
j  org.lwjgl.input.Controllers.create()V+12
j  org.newdawn.slick.Input.initControllers()V+11
j  org.newdawn.slick.AppGameContainer.setup()V+144
j  org.newdawn.slick.AppGameContainer.start()V+1
j  main.Game.main([Ljava/lang/String;)V+53
v  ~StubRoutines::call_stub
V  [libjvm.dylib+0x2d429e]  JavaCalls::call_helper(JavaValue*, methodHandle*, JavaCallArguments*, Thread*)+0x6ae
V  [libjvm.dylib+0x309377]  jni_invoke_static(JNIEnv_*, JavaValue*, _jobject*, JNICallType, _jmethodID*, JNI_ArgumentPusher*, Thread*)+0x1bf
V  [libjvm.dylib+0x302571]  jni_CallStaticVoidMethod+0x15d
C  [java+0x2c82]  JavaMain+0x998
C  [libsystem_pthread.dylib+0x1899]  _pthread_body+0x8a
C  [libsystem_pthread.dylib+0x172a]  _pthread_struct_init+0x0
C  [libsystem_pthread.dylib+0x5fc9]  thread_start+0xd
C  0x0000000000000000

Java frames: (J=compiled Java code, j=interpreted, Vv=VM code)
j  net.java.games.input.OSXHIDDeviceIterator.nNext(J)Lnet/java/games/input/OSXHIDDevice;+0
j  net.java.games.input.OSXHIDDeviceIterator.next()Lnet/java/games/input/OSXHIDDevice;+4
j  net.java.games.input.OSXEnvironmentPlugin.enumerateControllers()[Lnet/java/games/input/Controller;+17
j  net.java.games.input.OSXEnvironmentPlugin.<init>()V+12
v  ~StubRoutines::call_stub
j  sun.reflect.NativeConstructorAccessorImpl.newInstance0(Ljava/lang/reflect/Constructor;[Ljava/lang/Object;)Ljava/lang/Object;+0
j  sun.reflect.NativeConstructorAccessorImpl.newInstance([Ljava/lang/Object;)Ljava/lang/Object;+85
j  sun.reflect.DelegatingConstructorAccessorImpl.newInstance([Ljava/lang/Object;)Ljava/lang/Object;+5
j  java.lang.reflect.Constructor.newInstance([Ljava/lang/Object;)Ljava/lang/Object;+79
j  java.lang.Class.newInstance()Ljava/lang/Object;+138
j  net.java.games.input.DefaultControllerEnvironment.getControllers()[Lnet/java/games/input/Controller;+435
j  org.lwjgl.input.Controllers.create()V+12
j  org.newdawn.slick.Input.initControllers()V+11
j  org.newdawn.slick.AppGameContainer.setup()V+144
j  org.newdawn.slick.AppGameContainer.start()V+1
j  main.Game.main([Ljava/lang/String;)V+53
v  ~StubRoutines::call_stub

---------------  P R O C E S S  ---------------

Java Threads: ( => current thread )
  0x00007fd9e20f9800 JavaThread "AWT-Shutdown" [_thread_blocked, id=28427, stack(0x000000011f00f000,0x000000011f10f000)]
  0x00007fd9e102e800 JavaThread "AppKit Thread" daemon [_thread_in_native, id=3335, stack(0x00007fff59f49000,0x00007fff5a749000)]
  0x00007fd9e201f000 JavaThread "Service Thread" daemon [_thread_blocked, id=19715, stack(0x000000011d412000,0x000000011d512000)]
  0x00007fd9e2016800 JavaThread "C1 CompilerThread2" daemon [_thread_blocked, id=19203, stack(0x000000011d30f000,0x000000011d40f000)]
  0x00007fd9e2015800 JavaThread "C2 CompilerThread1" daemon [_thread_blocked, id=18691, stack(0x000000011d20c000,0x000000011d30c000)]
  0x00007fd9e2005800 JavaThread "C2 CompilerThread0" daemon [_thread_blocked, id=18179, stack(0x000000011d109000,0x000000011d209000)]
  0x00007fd9e200f800 JavaThread "Signal Dispatcher" daemon [_thread_blocked, id=17667, stack(0x000000011d006000,0x000000011d106000)]
  0x00007fd9e2005000 JavaThread "Finalizer" daemon [_thread_blocked, id=12547, stack(0x000000011cdc4000,0x000000011cec4000)]
  0x00007fd9e2004000 JavaThread "Reference Handler" daemon [_thread_blocked, id=12035, stack(0x000000011ccc1000,0x000000011cdc1000)]
=>0x00007fd9e080f800 JavaThread "main" [_thread_in_native, id=6403, stack(0x0000000106d1c000,0x0000000106e1c000)]

Other Threads:
  0x00007fd9e104e800 VMThread [stack: 0x000000011cbbe000,0x000000011ccbe000] [id=11523]
  0x00007fd9e200f000 WatcherThread [stack: 0x000000011d515000,0x000000011d615000] [id=20227]

VM state:not at safepoint (normal execution)

VM Mutex/Monitor currently owned by a thread: None

Heap:
 PSYoungGen      total 38400K, used 10311K [0x0000000795580000, 0x0000000798000000, 0x00000007c0000000)
  eden space 33280K, 30% used [0x0000000795580000,0x0000000795f91ff0,0x0000000797600000)
  from space 5120K, 0% used [0x0000000797b00000,0x0000000797b00000,0x0000000798000000)
  to   space 5120K, 0% used [0x0000000797600000,0x0000000797600000,0x0000000797b00000)
 ParOldGen       total 87552K, used 0K [0x0000000740000000, 0x0000000745580000, 0x0000000795580000)
  object space 87552K, 0% used [0x0000000740000000,0x0000000740000000,0x0000000745580000)
 Metaspace       used 6478K, capacity 6613K, committed 6912K, reserved 1056768K
  class space    used 657K, capacity 693K, committed 768K, reserved 1048576K

Card table byte_map: [0x0000000116212000,0x0000000116613000] byte_map_base: 0x0000000112812000

Marking Bits: (ParMarkBitMap*) 0x000000010669c330
 Begin Bits: [0x0000000116cca000, 0x0000000118cca000)
 End Bits:   [0x0000000118cca000, 0x000000011acca000)

Polling page: 0x00000001055d9000

CodeCache: size=245760Kb used=2144Kb max_used=2144Kb free=243615Kb
 bounds [0x0000000106e52000, 0x00000001070c2000, 0x0000000115e52000]
 total_blobs=837 nmethods=455 adapters=297
 compilation: enabled

Compilation events (10 events):
Event: 0.446 Thread 0x00007fd9e2016800  451   !   3       java.net.URL::<init> (543 bytes)
Event: 0.450 Thread 0x00007fd9e2016800 nmethod 451 0x00000001070645d0 code [0x0000000107064a80, 0x0000000107067b78]
Event: 0.459 Thread 0x00007fd9e2016800  452       3       java.util.Vector::ensureCapacityHelper (16 bytes)
Event: 0.459 Thread 0x00007fd9e2016800 nmethod 452 0x0000000107063590 code [0x0000000107063700, 0x00000001070638e8]
Event: 0.460 Thread 0x00007fd9e2016800  453       3       sun.util.calendar.CalendarDate::setLeapYear (6 bytes)
Event: 0.460 Thread 0x00007fd9e2016800 nmethod 453 0x0000000107063290 code [0x00000001070633e0, 0x0000000107063530]
Event: 0.460 Thread 0x00007fd9e2016800  455  s    3       java.lang.StringBuffer::toString (36 bytes)
Event: 0.460 Thread 0x00007fd9e2016800 nmethod 455 0x0000000107069e50 code [0x0000000107069fe0, 0x000000010706a488]
Event: 0.460 Thread 0x00007fd9e2016800  454       3       java.net.URL::equals (24 bytes)
Event: 0.460 Thread 0x00007fd9e2016800 nmethod 454 0x0000000107062b50 code [0x0000000107062ce0, 0x0000000107063128]

GC Heap History (0 events):
No events

Deoptimization events (0 events):
No events

Internal exceptions (10 events):
Event: 0.447 Thread 0x00007fd9e080f800 Exception <a 'java/security/PrivilegedActionException'> (0x0000000795ec3080) thrown at [/HUDSON3/workspace/8-2-build-macosx-x86_64/jdk8u20/1074/hotspot/src/share/vm/prims/jvm.cpp, line 1275]
Event: 0.449 Thread 0x00007fd9e080f800 Exception <a 'java/security/PrivilegedActionException'> (0x0000000795ec9e00) thrown at [/HUDSON3/workspace/8-2-build-macosx-x86_64/jdk8u20/1074/hotspot/src/share/vm/prims/jvm.cpp, line 1275]
Event: 0.451 Thread 0x00007fd9e080f800 Exception <a 'java/security/PrivilegedActionException'> (0x0000000795ecdfc0) thrown at [/HUDSON3/workspace/8-2-build-macosx-x86_64/jdk8u20/1074/hotspot/src/share/vm/prims/jvm.cpp, line 1275]
Event: 0.455 Thread 0x00007fd9e080f800 Exception <a 'java/security/PrivilegedActionException'> (0x0000000795ee0530) thrown at [/HUDSON3/workspace/8-2-build-macosx-x86_64/jdk8u20/1074/hotspot/src/share/vm/prims/jvm.cpp, line 1275]
Event: 0.456 Thread 0x00007fd9e080f800 Exception <a 'java/security/PrivilegedActionException'> (0x0000000795ee7058) thrown at [/HUDSON3/workspace/8-2-build-macosx-x86_64/jdk8u20/1074/hotspot/src/share/vm/prims/jvm.cpp, line 1275]
Event: 0.457 Thread 0x00007fd9e080f800 Exception <a 'java/security/PrivilegedActionException'> (0x0000000795eedfc0) thrown at [/HUDSON3/workspace/8-2-build-macosx-x86_64/jdk8u20/1074/hotspot/src/share/vm/prims/jvm.cpp, line 1275]
Event: 0.457 Thread 0x00007fd9e080f800 Exception <a 'java/security/PrivilegedActionException'> (0x0000000795ef1ce8) thrown at [/HUDSON3/workspace/8-2-build-macosx-x86_64/jdk8u20/1074/hotspot/src/share/vm/prims/jvm.cpp, line 1275]
Event: 0.458 Thread 0x00007fd9e080f800 Exception <a 'java/security/PrivilegedActionException'> (0x0000000795ef7d38) thrown at [/HUDSON3/workspace/8-2-build-macosx-x86_64/jdk8u20/1074/hotspot/src/share/vm/prims/jvm.cpp, line 1275]
Event: 0.459 Thread 0x00007fd9e080f800 Exception <a 'java/security/PrivilegedActionException'> (0x0000000795f04110) thrown at [/HUDSON3/workspace/8-2-build-macosx-x86_64/jdk8u20/1074/hotspot/src/share/vm/prims/jvm.cpp, line 1275]
Event: 0.462 Thread 0x00007fd9e080f800 Exception <a 'java/security/PrivilegedActionException'> (0x0000000795f0f4f0) thrown at [/HUDSON3/workspace/8-2-build-macosx-x86_64/jdk8u20/1074/hotspot/src/share/vm/prims/jvm.cpp, line 1275]

Events (10 events):
Event: 0.457 loading class net/java/games/input/Usage
Event: 0.457 loading class net/java/games/input/Usage done
Event: 0.457 loading class net/java/games/input/Component$Identifier$Axis
Event: 0.457 loading class net/java/games/input/Component$Identifier$Axis done
Event: 0.458 loading class net/java/games/input/KeyboardUsage
Event: 0.458 loading class net/java/games/input/KeyboardUsage done
Event: 0.459 loading class net/java/games/input/Component$Identifier$Key
Event: 0.459 loading class net/java/games/input/Component$Identifier$Key done
Event: 0.462 loading class net/java/games/input/ButtonUsage
Event: 0.462 loading class net/java/games/input/ButtonUsage done


Dynamic libraries:
0x0000000000b05000 	/System/Library/Frameworks/Cocoa.framework/Versions/A/Cocoa
0x0000000000b05000 	/System/Library/Frameworks/Security.framework/Versions/A/Security
0x0000000000b05000 	/System/Library/Frameworks/ApplicationServices.framework/Versions/A/ApplicationServices
0x0000000000b05000 	/usr/lib/libz.1.dylib
0x0000000000b05000 	/usr/lib/libSystem.B.dylib
0x0000000000b05000 	/usr/lib/libobjc.A.dylib
0x0000000000b05000 	/System/Library/Frameworks/CoreFoundation.framework/Versions/A/CoreFoundation
0x0000000000b05000 	/System/Library/Frameworks/Foundation.framework/Versions/C/Foundation
0x0000000000b05000 	/System/Library/Frameworks/AppKit.framework/Versions/C/AppKit
0x0000000000b05000 	/System/Library/Frameworks/CoreData.framework/Versions/A/CoreData
0x0000000000b05000 	/System/Library/PrivateFrameworks/RemoteViewServices.framework/Versions/A/RemoteViewServices
0x0000000000b05000 	/System/Library/Frameworks/AudioToolbox.framework/Versions/A/AudioToolbox
0x0000000000b05000 	/System/Library/Frameworks/AudioUnit.framework/Versions/A/AudioUnit
0x0000000000b05000 	/System/Library/PrivateFrameworks/DataDetectorsCore.framework/Versions/A/DataDetectorsCore
0x0000000000b05000 	/System/Library/PrivateFrameworks/DesktopServicesPriv.framework/Versions/A/DesktopServicesPriv
0x0000000000b05000 	/System/Library/Frameworks/Carbon.framework/Versions/A/Frameworks/HIToolbox.framework/Versions/A/HIToolbox
0x0000000000b05000 	/System/Library/Frameworks/QuartzCore.framework/Versions/A/QuartzCore
0x0000000000b05000 	/System/Library/Frameworks/Carbon.framework/Versions/A/Frameworks/SpeechRecognition.framework/Versions/A/SpeechRecognition
0x0000000000b05000 	/usr/lib/libauto.dylib
0x0000000000b05000 	/usr/lib/libicucore.A.dylib
0x0000000000b05000 	/usr/lib/libxml2.2.dylib
0x0000000000b05000 	/System/Library/PrivateFrameworks/CoreUI.framework/Versions/A/CoreUI
0x0000000000b05000 	/System/Library/Frameworks/CoreAudio.framework/Versions/A/CoreAudio
0x0000000000b05000 	/System/Library/Frameworks/DiskArbitration.framework/Versions/A/DiskArbitration
0x0000000000b05000 	/usr/lib/liblangid.dylib
0x0000000000b05000 	/System/Library/PrivateFrameworks/MultitouchSupport.framework/Versions/A/MultitouchSupport
0x0000000000b05000 	/System/Library/Frameworks/IOKit.framework/Versions/A/IOKit
0x0000000000b05000 	/usr/lib/libDiagnosticMessagesClient.dylib
0x0000000000b05000 	/System/Library/Frameworks/CoreServices.framework/Versions/A/CoreServices
0x0000000000b05000 	/System/Library/PrivateFrameworks/PerformanceAnalysis.framework/Versions/A/PerformanceAnalysis
0x0000000000b05000 	/System/Library/PrivateFrameworks/GenerationalStorage.framework/Versions/A/GenerationalStorage
0x0000000000b05000 	/System/Library/Frameworks/OpenGL.framework/Versions/A/OpenGL
0x0000000000b05000 	/System/Library/PrivateFrameworks/Sharing.framework/Versions/A/Sharing
0x0000000000b05000 	/System/Library/Frameworks/ImageIO.framework/Versions/A/ImageIO
0x0000000000b05000 	/System/Library/Frameworks/CoreText.framework/Versions/A/CoreText
0x0000000000b05000 	/System/Library/Frameworks/CoreGraphics.framework/Versions/A/CoreGraphics
0x0000000000b05000 	/System/Library/PrivateFrameworks/Backup.framework/Versions/A/Backup
0x0000000000b05000 	/System/Library/Frameworks/CFNetwork.framework/Versions/A/CFNetwork
0x0000000000b05000 	/System/Library/Frameworks/SystemConfiguration.framework/Versions/A/SystemConfiguration
0x0000000000b05000 	/usr/lib/libCRFSuite.dylib
0x0000000000b05000 	/usr/lib/libc++.1.dylib
0x0000000000b05000 	/usr/lib/libc++abi.dylib
0x0000000000b05000 	/usr/lib/system/libcache.dylib
0x0000000000b05000 	/usr/lib/system/libcommonCrypto.dylib
0x0000000000b05000 	/usr/lib/system/libcompiler_rt.dylib
0x0000000000b05000 	/usr/lib/system/libcopyfile.dylib
0x0000000000b05000 	/usr/lib/system/libcorecrypto.dylib
0x0000000000b05000 	/usr/lib/system/libdispatch.dylib
0x0000000000b05000 	/usr/lib/system/libdyld.dylib
0x0000000000b05000 	/usr/lib/system/libkeymgr.dylib
0x0000000000b05000 	/usr/lib/system/liblaunch.dylib
0x0000000000b05000 	/usr/lib/system/libmacho.dylib
0x0000000000b05000 	/usr/lib/system/libquarantine.dylib
0x0000000000b05000 	/usr/lib/system/libremovefile.dylib
0x0000000000b05000 	/usr/lib/system/libsystem_asl.dylib
0x0000000000b05000 	/usr/lib/system/libsystem_blocks.dylib
0x0000000000b05000 	/usr/lib/system/libsystem_c.dylib
0x0000000000b05000 	/usr/lib/system/libsystem_configuration.dylib
0x0000000000b05000 	/usr/lib/system/libsystem_dnssd.dylib
0x0000000000b05000 	/usr/lib/system/libsystem_info.dylib
0x0000000000b05000 	/usr/lib/system/libsystem_kernel.dylib
0x0000000000b05000 	/usr/lib/system/libsystem_m.dylib
0x0000000000b05000 	/usr/lib/system/libsystem_malloc.dylib
0x0000000000b05000 	/usr/lib/system/libsystem_network.dylib
0x0000000000b05000 	/usr/lib/system/libsystem_notify.dylib
0x0000000000b05000 	/usr/lib/system/libsystem_platform.dylib
0x0000000000b05000 	/usr/lib/system/libsystem_pthread.dylib
0x0000000000b05000 	/usr/lib/system/libsystem_sandbox.dylib
0x0000000000b05000 	/usr/lib/system/libsystem_stats.dylib
0x0000000000b05000 	/usr/lib/system/libunc.dylib
0x0000000000b05000 	/usr/lib/system/libunwind.dylib
0x0000000000b05000 	/usr/lib/system/libxpc.dylib
0x0000000000b05000 	/usr/lib/libbsm.0.dylib
0x0000000000b05000 	/usr/lib/libsqlite3.dylib
0x0000000000b05000 	/usr/lib/libxar.1.dylib
0x0000000000b05000 	/usr/lib/libpam.2.dylib
0x0000000000b05000 	/usr/lib/libOpenScriptingUtil.dylib
0x0000000000b05000 	/usr/lib/libbz2.1.0.dylib
0x0000000000b05000 	/System/Library/Frameworks/CoreServices.framework/Versions/A/Frameworks/CarbonCore.framework/Versions/A/CarbonCore
0x0000000000b05000 	/System/Library/Frameworks/CoreServices.framework/Versions/A/Frameworks/Metadata.framework/Versions/A/Metadata
0x0000000000b05000 	/System/Library/Frameworks/CoreServices.framework/Versions/A/Frameworks/OSServices.framework/Versions/A/OSServices
0x0000000000b05000 	/System/Library/Frameworks/CoreServices.framework/Versions/A/Frameworks/SearchKit.framework/Versions/A/SearchKit
0x0000000000b05000 	/System/Library/Frameworks/CoreServices.framework/Versions/A/Frameworks/AE.framework/Versions/A/AE
0x0000000000b05000 	/System/Library/Frameworks/CoreServices.framework/Versions/A/Frameworks/LaunchServices.framework/Versions/A/LaunchServices
0x0000000000b05000 	/System/Library/Frameworks/CoreServices.framework/Versions/A/Frameworks/DictionaryServices.framework/Versions/A/DictionaryServices
0x0000000000b05000 	/System/Library/Frameworks/NetFS.framework/Versions/A/NetFS
0x0000000000b05000 	/usr/lib/system/libkxld.dylib
0x0000000000b05000 	/System/Library/PrivateFrameworks/NetAuth.framework/Versions/A/NetAuth
0x0000000000b05000 	/System/Library/PrivateFrameworks/TCC.framework/Versions/A/TCC
0x0000000000b05000 	/System/Library/Frameworks/OpenDirectory.framework/Versions/A/Frameworks/CFOpenDirectory.framework/Versions/A/CFOpenDirectory
0x0000000000b05000 	/System/Library/Frameworks/ServiceManagement.framework/Versions/A/ServiceManagement
0x0000000000b05000 	/usr/lib/libxslt.1.dylib
0x0000000000b05000 	/System/Library/Frameworks/Carbon.framework/Versions/A/Frameworks/Ink.framework/Versions/A/Ink
0x0000000000b05000 	/System/Library/Frameworks/ApplicationServices.framework/Versions/A/Frameworks/ATS.framework/Versions/A/ATS
0x0000000000b05000 	/System/Library/Frameworks/ApplicationServices.framework/Versions/A/Frameworks/ColorSync.framework/Versions/A/ColorSync
0x0000000000b05000 	/System/Library/Frameworks/ApplicationServices.framework/Versions/A/Frameworks/HIServices.framework/Versions/A/HIServices
0x0000000000b05000 	/System/Library/Frameworks/ApplicationServices.framework/Versions/A/Frameworks/LangAnalysis.framework/Versions/A/LangAnalysis
0x0000000000b05000 	/System/Library/Frameworks/ApplicationServices.framework/Versions/A/Frameworks/PrintCore.framework/Versions/A/PrintCore
0x0000000000b05000 	/System/Library/Frameworks/ApplicationServices.framework/Versions/A/Frameworks/QD.framework/Versions/A/QD
0x0000000000b05000 	/System/Library/Frameworks/ApplicationServices.framework/Versions/A/Frameworks/SpeechSynthesis.framework/Versions/A/SpeechSynthesis
0x0000000000b05000 	/System/Library/Frameworks/IOSurface.framework/Versions/A/IOSurface
0x0000000000b05000 	/System/Library/Frameworks/Accelerate.framework/Versions/A/Accelerate
0x0000000000b05000 	/System/Library/Frameworks/Accelerate.framework/Versions/A/Frameworks/vImage.framework/Versions/A/vImage
0x0000000000b05000 	/System/Library/Frameworks/Accelerate.framework/Versions/A/Frameworks/vecLib.framework/Versions/A/vecLib
0x0000000000b05000 	/System/Library/Frameworks/Accelerate.framework/Versions/A/Frameworks/vecLib.framework/Versions/A/libvDSP.dylib
0x0000000000b05000 	/System/Library/Frameworks/Accelerate.framework/Versions/A/Frameworks/vecLib.framework/Versions/A/libvMisc.dylib
0x0000000000b05000 	/System/Library/Frameworks/Accelerate.framework/Versions/A/Frameworks/vecLib.framework/Versions/A/libLAPACK.dylib
0x0000000000b05000 	/System/Library/Frameworks/Accelerate.framework/Versions/A/Frameworks/vecLib.framework/Versions/A/libBLAS.dylib
0x0000000000b05000 	/System/Library/Frameworks/ApplicationServices.framework/Versions/A/Frameworks/ATS.framework/Versions/A/Resources/libFontParser.dylib
0x0000000000b05000 	/System/Library/Frameworks/ApplicationServices.framework/Versions/A/Frameworks/ATS.framework/Versions/A/Resources/libFontRegistry.dylib
0x0000000000b05000 	/System/Library/Frameworks/ImageIO.framework/Versions/A/Resources/libJPEG.dylib
0x0000000000b05000 	/System/Library/Frameworks/ImageIO.framework/Versions/A/Resources/libTIFF.dylib
0x0000000000b05000 	/System/Library/Frameworks/ImageIO.framework/Versions/A/Resources/libPng.dylib
0x0000000000b05000 	/System/Library/Frameworks/ImageIO.framework/Versions/A/Resources/libGIF.dylib
0x0000000000b05000 	/System/Library/Frameworks/ImageIO.framework/Versions/A/Resources/libJP2.dylib
0x0000000000b05000 	/System/Library/Frameworks/ImageIO.framework/Versions/A/Resources/libRadiance.dylib
0x0000000000b05000 	/usr/lib/libcups.2.dylib
0x0000000000b05000 	/System/Library/Frameworks/Kerberos.framework/Versions/A/Kerberos
0x0000000000b05000 	/System/Library/Frameworks/GSS.framework/Versions/A/GSS
0x0000000000b05000 	/usr/lib/libresolv.9.dylib
0x0000000000b05000 	/usr/lib/libiconv.2.dylib
0x0000000000b05000 	/System/Library/PrivateFrameworks/Heimdal.framework/Versions/A/Heimdal
0x0000000000b05000 	/System/Library/PrivateFrameworks/TrustEvaluationAgent.framework/Versions/A/TrustEvaluationAgent
0x0000000000b05000 	/usr/lib/libheimdal-asn1.dylib
0x0000000000b05000 	/System/Library/Frameworks/OpenDirectory.framework/Versions/A/OpenDirectory
0x0000000000b05000 	/System/Library/PrivateFrameworks/CommonAuth.framework/Versions/A/CommonAuth
0x0000000000b05000 	/System/Library/Frameworks/SecurityFoundation.framework/Versions/A/SecurityFoundation
0x0000000000b05000 	/System/Library/PrivateFrameworks/Bom.framework/Versions/A/Bom
0x0000000000b05000 	/System/Library/Frameworks/CoreVideo.framework/Versions/A/CoreVideo
0x0000000000b05000 	/System/Library/Frameworks/QuartzCore.framework/Versions/A/Frameworks/CoreImage.framework/Versions/A/CoreImage
0x0000000000b05000 	/System/Library/Frameworks/QuartzCore.framework/Versions/A/Frameworks/ScalableUserInterface.framework/Versions/A/ScalableUserInterface
0x0000000000b05000 	/System/Library/Frameworks/OpenGL.framework/Versions/A/Libraries/libGLU.dylib
0x0000000000b05000 	/System/Library/Frameworks/OpenGL.framework/Versions/A/Libraries/libGFXShared.dylib
0x0000000000b05000 	/System/Library/Frameworks/OpenGL.framework/Versions/A/Libraries/libGL.dylib
0x0000000000b05000 	/System/Library/Frameworks/OpenGL.framework/Versions/A/Libraries/libGLImage.dylib
0x0000000000b05000 	/System/Library/Frameworks/OpenGL.framework/Versions/A/Libraries/libCVMSPluginSupport.dylib
0x0000000000b05000 	/System/Library/Frameworks/OpenGL.framework/Versions/A/Libraries/libCoreVMClient.dylib
0x0000000000b05000 	/System/Library/PrivateFrameworks/FaceCore.framework/Versions/A/FaceCore
0x0000000000b05000 	/System/Library/PrivateFrameworks/CrashReporterSupport.framework/Versions/A/CrashReporterSupport
0x0000000000b05000 	/System/Library/Frameworks/OpenCL.framework/Versions/A/OpenCL
0x0000000000b05000 	/System/Library/PrivateFrameworks/AppleFSCompression.framework/Versions/A/AppleFSCompression
0x0000000000b05000 	/System/Library/PrivateFrameworks/Ubiquity.framework/Versions/A/Ubiquity
0x0000000000b05000 	/System/Library/PrivateFrameworks/IconServices.framework/Versions/A/IconServices
0x0000000000b05000 	/System/Library/PrivateFrameworks/ChunkingLibrary.framework/Versions/A/ChunkingLibrary
0x0000000000b05000 	/System/Library/PrivateFrameworks/CoreSymbolication.framework/Versions/A/CoreSymbolication
0x0000000000b05000 	/System/Library/PrivateFrameworks/Symbolication.framework/Versions/A/Symbolication
0x0000000000b05000 	/System/Library/PrivateFrameworks/DebugSymbols.framework/Versions/A/DebugSymbols
0x0000000105e00000 	/Library/Java/JavaVirtualMachines/jdk1.8.0_20.jdk/Contents/Home/jre/lib/server/libjvm.dylib
0x0000000000b05000 	/usr/lib/libstdc++.6.dylib
0x00000001055cb000 	/Library/Java/JavaVirtualMachines/jdk1.8.0_20.jdk/Contents/Home/jre/lib/libverify.dylib
0x0000000106e1e000 	/Library/Java/JavaVirtualMachines/jdk1.8.0_20.jdk/Contents/Home/jre/lib/libjava.dylib
0x00000001055e3000 	/Library/Java/JavaVirtualMachines/jdk1.8.0_20.jdk/Contents/Home/jre/lib/libzip.dylib
0x000000011cec6000 	/System/Library/Frameworks/JavaVM.framework/Frameworks/JavaRuntimeSupport.framework/JavaRuntimeSupport
0x000000011cede000 	/System/Library/Frameworks/JavaVM.framework/Versions/A/Frameworks/JavaNativeFoundation.framework/Versions/A/JavaNativeFoundation
0x00000001055ed000 	/System/Library/Frameworks/JavaVM.framework/Versions/A/JavaVM
0x0000000000b05000 	/System/Library/Frameworks/Carbon.framework/Versions/A/Carbon
0x000000011cef3000 	/System/Library/PrivateFrameworks/JavaLaunching.framework/Versions/A/JavaLaunching
0x0000000000b05000 	/System/Library/Frameworks/Carbon.framework/Versions/A/Frameworks/CommonPanels.framework/Versions/A/CommonPanels
0x0000000000b05000 	/System/Library/Frameworks/Carbon.framework/Versions/A/Frameworks/Help.framework/Versions/A/Help
0x0000000000b05000 	/System/Library/Frameworks/Carbon.framework/Versions/A/Frameworks/ImageCapture.framework/Versions/A/ImageCapture
0x0000000000b05000 	/System/Library/Frameworks/Carbon.framework/Versions/A/Frameworks/OpenScripting.framework/Versions/A/OpenScripting
0x0000000000b05000 	/System/Library/Frameworks/Carbon.framework/Versions/A/Frameworks/Print.framework/Versions/A/Print
0x0000000000b05000 	/System/Library/Frameworks/Carbon.framework/Versions/A/Frameworks/SecurityHI.framework/Versions/A/SecurityHI
0x000000011d681000 	/Library/Java/JavaVirtualMachines/jdk1.8.0_20.jdk/Contents/Home/jre/lib/libawt.dylib
0x000000011d730000 	/Library/Java/JavaVirtualMachines/jdk1.8.0_20.jdk/Contents/Home/jre/lib/./libmlib_image.dylib
0x000000011d7fc000 	/Library/Java/JavaVirtualMachines/jdk1.8.0_20.jdk/Contents/Home/jre/lib/libawt_lwawt.dylib
0x000000011d8af000 	/Library/Java/JavaVirtualMachines/jdk1.8.0_20.jdk/Contents/Home/jre/lib/./libosxapp.dylib
0x0000000000b05000 	/System/Library/Frameworks/ExceptionHandling.framework/Versions/A/ExceptionHandling
0x0000000000b05000 	/System/Library/PrivateFrameworks/CoreServicesInternal.framework/Versions/A/CoreServicesInternal
0x0000000000b05000 	/System/Library/PrivateFrameworks/Librarian.framework/Versions/A/Librarian
0x0000000000b05000 	/System/Library/Frameworks/CoreGraphics.framework/Versions/A/Resources/libCGCMS.A.dylib
0x0000000000b05000 	/System/Library/Frameworks/CoreGraphics.framework/Versions/A/Resources/libRIP.A.dylib
0x0000000000b05000 	/System/Library/Frameworks/CoreGraphics.framework/Versions/A/Resources/libCGXType.A.dylib
0x0000000000b05000 	/System/Library/PrivateFrameworks/FamilyControls.framework/Versions/A/FamilyControls
0x0000000000b05000 	/System/Library/PrivateFrameworks/CommerceKit.framework/Versions/A/Frameworks/CommerceCore.framework/Versions/A/CommerceCore
0x0000000000b05000 	/System/Library/PrivateFrameworks/SystemAdministration.framework/Versions/A/SystemAdministration
0x0000000000b05000 	/System/Library/Frameworks/DirectoryService.framework/Versions/A/DirectoryService
0x0000000000b05000 	/System/Library/PrivateFrameworks/DiskImages.framework/Versions/A/DiskImages
0x0000000000b05000 	/System/Library/PrivateFrameworks/LoginUIKit.framework/Versions/A/Frameworks/LoginUICore.framework/Versions/A/LoginUICore
0x0000000000b05000 	/usr/lib/libCoreStorage.dylib
0x0000000000b05000 	/usr/lib/libcsfde.dylib
0x0000000000b05000 	/usr/lib/libodfde.dylib
0x0000000000b05000 	/System/Library/Frameworks/DiscRecording.framework/Versions/A/DiscRecording
0x0000000000b05000 	/usr/lib/libcurl.4.dylib
0x0000000000b05000 	/System/Library/PrivateFrameworks/MediaKit.framework/Versions/A/MediaKit
0x0000000000b05000 	/System/Library/PrivateFrameworks/EFILogin.framework/Versions/A/EFILogin
0x0000000000b05000 	/usr/lib/libutil.dylib
0x0000000000b05000 	/System/Library/PrivateFrameworks/AOSNotification.framework/Versions/A/AOSNotification
0x0000000000b05000 	/System/Library/Frameworks/LDAP.framework/Versions/A/LDAP
0x0000000000b05000 	/usr/lib/libsasl2.2.dylib
0x0000000000b05000 	/usr/lib/libcrypto.0.9.8.dylib
0x0000000000b05000 	/usr/lib/libssl.0.9.8.dylib
0x0000000121b37000 	/Library/Java/JavaVirtualMachines/jdk1.8.0_20.jdk/Contents/Home/jre/lib/libfontmanager.dylib
0x0000000121b9d000 	/Users/mick/Documents/workspace/lwjgl-2.9.1/native/macosx/liblwjgl.jnilib
0x000000011f33c000 	/Library/Java/JavaVirtualMachines/jdk1.8.0_20.jdk/Contents/Home/jre/lib/libjawt.dylib
0x0000000000b05000 	/System/Library/Frameworks/OpenGL.framework/Versions/A/Resources/GLEngine.bundle/GLEngine
0x0000000000b05000 	/System/Library/Frameworks/OpenGL.framework/Versions/A/Libraries/libGLProgrammability.dylib
0x0000000000000000 	/System/Library/Extensions/AppleIntelHD4000GraphicsGLDriver.bundle/Contents/MacOS/AppleIntelHD4000GraphicsGLDriver
0x0000000000b05000 	/System/Library/PrivateFrameworks/IOAccelerator.framework/Versions/A/IOAccelerator
0x0000000000b05000 	/System/Library/PrivateFrameworks/GPUSupport.framework/Versions/A/Libraries/libGPUSupportMercury.dylib
0x0000000000b05000 	/System/Library/Frameworks/OpenGL.framework/Versions/A/Resources/GLRendererFloat.bundle/GLRendererFloat
0x0000000000b05000 	/System/Library/Frameworks/OpenCL.framework/Versions/A/Libraries/libcldcpuengine.dylib
0x000000011f37c000 	/Users/mick/Documents/workspace/lwjgl-2.9.1/native/macosx/libjinput-osx.jnilib

VM Arguments:
jvm_args: -Djava.library.path=/Users/mick/Documents/workspace/lwjgl-2.9.1/native/macosx:/Users/mick/Documents/workspace/lwjgl-2.9.1/native/macosx:/Users/mick/Documents/workspace/lwjgl-2.9.1/native/macosx -Dfile.encoding=UTF-8 
java_command: main.Game
java_class_path (initial): /Users/mick/Documents/workspace/terri/bin:/Users/mick/Documents/workspace/slick/lib/slick.jar:/Users/mick/Documents/workspace/lwjgl-2.9.1/jar/jinput.jar:/Users/mick/Documents/workspace/lwjgl-2.9.1/jar/lwjgl_util.jar:/Users/mick/Documents/workspace/lwjgl-2.9.1/jar/lwjgl.jar
Launcher Type: SUN_STANDARD

Environment Variables:
PATH=/usr/bin:/bin:/usr/sbin:/sbin
SHELL=/bin/bash
DISPLAY=/tmp/launch-UtaSL4/org.macosforge.xquartz:0

Signal Handlers:
SIGSEGV: [libjvm.dylib+0x578fd7], sa_mask[0]=11111111011111110111111111111111, sa_flags=SA_ONSTACK|SA_RESTART|SA_SIGINFO
SIGBUS: [libjvm.dylib+0x578fd7], sa_mask[0]=11111111011111110111111111111111, sa_flags=SA_RESTART|SA_SIGINFO
SIGFPE: [libjvm.dylib+0x45ab0c], sa_mask[0]=11111111011111110111111111111111, sa_flags=SA_RESTART|SA_SIGINFO
SIGPIPE: [libjvm.dylib+0x45ab0c], sa_mask[0]=11111111011111110111111111111111, sa_flags=SA_RESTART|SA_SIGINFO
SIGXFSZ: [libjvm.dylib+0x45ab0c], sa_mask[0]=11111111011111110111111111111111, sa_flags=SA_RESTART|SA_SIGINFO
SIGILL: [libjvm.dylib+0x45ab0c], sa_mask[0]=11111111011111110111111111111111, sa_flags=SA_RESTART|SA_SIGINFO
SIGUSR1: SIG_DFL, sa_mask[0]=00000000000000000000000000000000, sa_flags=SA_RESTART
SIGUSR2: [libjvm.dylib+0x45a62a], sa_mask[0]=00100000000000000000000000000000, sa_flags=SA_RESTART|SA_SIGINFO
SIGHUP: [libjvm.dylib+0x458bfd], sa_mask[0]=11111111011111110111111111111111, sa_flags=SA_RESTART|SA_SIGINFO
SIGINT: [libjvm.dylib+0x458bfd], sa_mask[0]=11111111011111110111111111111111, sa_flags=SA_RESTART|SA_SIGINFO
SIGTERM: [libjvm.dylib+0x458bfd], sa_mask[0]=11111111011111110111111111111111, sa_flags=SA_RESTART|SA_SIGINFO
SIGQUIT: [libjvm.dylib+0x458bfd], sa_mask[0]=11111111011111110111111111111111, sa_flags=SA_RESTART|SA_SIGINFO


---------------  S Y S T E M  ---------------

OS:Bsduname:Darwin 13.4.0 Darwin Kernel Version 13.4.0: Sun Aug 17 19:50:11 PDT 2014; root:xnu-2422.115.4~1/RELEASE_X86_64 x86_64
rlimit: STACK 8192k, CORE 0k, NPROC 709, NOFILE 10240, AS infinity
load average:1.21 1.35 1.41

CPU:total 4 (2 cores per cpu, 2 threads per core) family 6 model 58 stepping 9, cmov, cx8, fxsr, mmx, sse, sse2, sse3, ssse3, sse4.1, sse4.2, popcnt, avx, aes, clmul, erms, ht, tsc, tscinvbit, tscinv

Memory: 4k page, physical 8388608k(393796k free)

/proc/meminfo:


vm_info: Java HotSpot(TM) 64-Bit Server VM (25.20-b23) for bsd-amd64 JRE (1.8.0_20-b26), built on Jul 30 2014 13:37:47 by "java_re" with gcc 4.2.1 (Based on Apple Inc. build 5658) (LLVM build 2336.9.00)

time: Tue Oct  7 15:30:08 2014
elapsed time: 0 seconds (0d 0h 0m 0s)

